{"C:\\Users\\bella\\Desktop\\匠人\\React-PizzaCreator\\src\\components\\Size\\Size.jsx": {"path":"C:\\Users\\bella\\Desktop\\匠人\\React-PizzaCreator\\src\\components\\Size\\Size.jsx","statementMap":{"0":{"start":{"line":7,"column":8},"end":{"line":7,"column":21}},"1":{"start":{"line":11,"column":24},"end":{"line":11,"column":44}},"2":{"start":{"line":12,"column":43},"end":{"line":12,"column":55}},"3":{"start":{"line":13,"column":23},"end":{"line":13,"column":48}},"4":{"start":{"line":14,"column":8},"end":{"line":16,"column":9}},"5":{"start":{"line":15,"column":12},"end":{"line":15,"column":58}},"6":{"start":{"line":18,"column":8},"end":{"line":18,"column":25}},"7":{"start":{"line":23,"column":58},"end":{"line":23,"column":68}},"8":{"start":{"line":24,"column":8},"end":{"line":42,"column":10}},"9":{"start":{"line":29,"column":33},"end":{"line":29,"column":56}}},"fnMap":{"0":{"name":"(anonymous_0)","decl":{"start":{"line":6,"column":4},"end":{"line":6,"column":5}},"loc":{"start":{"line":6,"column":22},"end":{"line":8,"column":5}},"line":6},"1":{"name":"(anonymous_1)","decl":{"start":{"line":10,"column":4},"end":{"line":10,"column":5}},"loc":{"start":{"line":10,"column":40},"end":{"line":19,"column":5}},"line":10},"2":{"name":"(anonymous_2)","decl":{"start":{"line":22,"column":4},"end":{"line":22,"column":5}},"loc":{"start":{"line":22,"column":12},"end":{"line":43,"column":5}},"line":22},"3":{"name":"(anonymous_3)","decl":{"start":{"line":29,"column":27},"end":{"line":29,"column":28}},"loc":{"start":{"line":29,"column":33},"end":{"line":29,"column":56}},"line":29}},"branchMap":{"0":{"loc":{"start":{"line":14,"column":8},"end":{"line":16,"column":9}},"type":"if","locations":[{"start":{"line":14,"column":8},"end":{"line":16,"column":9}},{"start":{"line":14,"column":8},"end":{"line":16,"column":9}}],"line":14}},"s":{"0":6,"1":6,"2":6,"3":6,"4":6,"5":2,"6":6,"7":6,"8":6,"9":1},"f":{"0":6,"1":6,"2":6,"3":1},"b":{"0":[2,4]},"_coverageSchema":"1a1c01bbd47fc00a2c39e90264f33305004495a9","hash":"dd0e464cbaf43d9ecd1e0a739694fbf6078c18d9"}
,"C:\\Users\\bella\\Desktop\\匠人\\React-PizzaCreator\\src\\components\\Size\\index.js": {"path":"C:\\Users\\bella\\Desktop\\匠人\\React-PizzaCreator\\src\\components\\Size\\index.js","statementMap":{},"fnMap":{},"branchMap":{},"s":{},"f":{},"b":{},"_coverageSchema":"1a1c01bbd47fc00a2c39e90264f33305004495a9","hash":"98c7876d959eca057177822ff2c7fffe33d77135"}
,"C:\\Users\\bella\\Desktop\\匠人\\React-PizzaCreator\\src\\components\\Sizes\\Sizes.jsx": {"path":"C:\\Users\\bella\\Desktop\\匠人\\React-PizzaCreator\\src\\components\\Sizes\\Sizes.jsx","statementMap":{"0":{"start":{"line":8,"column":8},"end":{"line":8,"column":21}},"1":{"start":{"line":12,"column":45},"end":{"line":12,"column":55}},"2":{"start":{"line":13,"column":8},"end":{"line":40,"column":5}},"3":{"start":{"line":29,"column":20},"end":{"line":36,"column":22}}},"fnMap":{"0":{"name":"(anonymous_0)","decl":{"start":{"line":7,"column":4},"end":{"line":7,"column":5}},"loc":{"start":{"line":7,"column":22},"end":{"line":9,"column":5}},"line":7},"1":{"name":"(anonymous_1)","decl":{"start":{"line":11,"column":4},"end":{"line":11,"column":5}},"loc":{"start":{"line":11,"column":12},"end":{"line":42,"column":5}},"line":11},"2":{"name":"(anonymous_2)","decl":{"start":{"line":28,"column":22},"end":{"line":28,"column":23}},"loc":{"start":{"line":29,"column":20},"end":{"line":36,"column":22}},"line":29}},"branchMap":{},"s":{"0":1,"1":1,"2":1,"3":3},"f":{"0":1,"1":1,"2":3},"b":{},"_coverageSchema":"1a1c01bbd47fc00a2c39e90264f33305004495a9","hash":"4dbde75077a8ea803f3d1ce245607e8598bacefe"}
,"C:\\Users\\bella\\Desktop\\匠人\\React-PizzaCreator\\src\\components\\Summary\\Summary.jsx": {"path":"C:\\Users\\bella\\Desktop\\匠人\\React-PizzaCreator\\src\\components\\Summary\\Summary.jsx","statementMap":{"0":{"start":{"line":7,"column":8},"end":{"line":7,"column":21}},"1":{"start":{"line":11,"column":20},"end":{"line":11,"column":21}},"2":{"start":{"line":12,"column":51},"end":{"line":12,"column":61}},"3":{"start":{"line":13,"column":44},"end":{"line":13,"column":56}},"4":{"start":{"line":14,"column":32},"end":{"line":14,"column":33}},"5":{"start":{"line":15,"column":8},"end":{"line":15,"column":136}},"6":{"start":{"line":15,"column":84},"end":{"line":15,"column":133}},"7":{"start":{"line":16,"column":8},"end":{"line":16,"column":52}},"8":{"start":{"line":17,"column":8},"end":{"line":17,"column":32}},"9":{"start":{"line":21,"column":51},"end":{"line":21,"column":61}},"10":{"start":{"line":22,"column":53},"end":{"line":22,"column":65}},"11":{"start":{"line":23,"column":22},"end":{"line":23,"column":37}},"12":{"start":{"line":24,"column":8},"end":{"line":45,"column":10}},"13":{"start":{"line":33,"column":24},"end":{"line":36,"column":29}}},"fnMap":{"0":{"name":"(anonymous_0)","decl":{"start":{"line":6,"column":4},"end":{"line":6,"column":5}},"loc":{"start":{"line":6,"column":22},"end":{"line":8,"column":5}},"line":6},"1":{"name":"(anonymous_1)","decl":{"start":{"line":10,"column":4},"end":{"line":10,"column":5}},"loc":{"start":{"line":10,"column":14},"end":{"line":18,"column":5}},"line":10},"2":{"name":"(anonymous_2)","decl":{"start":{"line":15,"column":33},"end":{"line":15,"column":34}},"loc":{"start":{"line":15,"column":84},"end":{"line":15,"column":133}},"line":15},"3":{"name":"(anonymous_3)","decl":{"start":{"line":20,"column":4},"end":{"line":20,"column":5}},"loc":{"start":{"line":20,"column":12},"end":{"line":46,"column":5}},"line":20},"4":{"name":"(anonymous_4)","decl":{"start":{"line":32,"column":42},"end":{"line":32,"column":43}},"loc":{"start":{"line":33,"column":24},"end":{"line":36,"column":29}},"line":33}},"branchMap":{},"s":{"0":2,"1":2,"2":2,"3":2,"4":2,"5":2,"6":4,"7":2,"8":2,"9":2,"10":2,"11":2,"12":2,"13":4},"f":{"0":2,"1":2,"2":4,"3":2,"4":4},"b":{},"_coverageSchema":"1a1c01bbd47fc00a2c39e90264f33305004495a9","hash":"313846935d12b7a6fca4905d5c38dcc28d8472af"}
,"C:\\Users\\bella\\Desktop\\匠人\\React-PizzaCreator\\src\\components\\Title\\Title.jsx": {"path":"C:\\Users\\bella\\Desktop\\匠人\\React-PizzaCreator\\src\\components\\Title\\Title.jsx","statementMap":{"0":{"start":{"line":4,"column":14},"end":{"line":7,"column":1}},"1":{"start":{"line":5,"column":4},"end":{"line":5,"column":63}}},"fnMap":{"0":{"name":"(anonymous_0)","decl":{"start":{"line":4,"column":14},"end":{"line":4,"column":15}},"loc":{"start":{"line":5,"column":4},"end":{"line":5,"column":63}},"line":5}},"branchMap":{},"s":{"0":4,"1":5},"f":{"0":5},"b":{},"_coverageSchema":"1a1c01bbd47fc00a2c39e90264f33305004495a9","hash":"c24de2385086ee287237cb52035f586ef167a6ee"}
,"C:\\Users\\bella\\Desktop\\匠人\\React-PizzaCreator\\src\\components\\Title\\index.js": {"path":"C:\\Users\\bella\\Desktop\\匠人\\React-PizzaCreator\\src\\components\\Title\\index.js","statementMap":{},"fnMap":{},"branchMap":{},"s":{},"f":{},"b":{},"_coverageSchema":"1a1c01bbd47fc00a2c39e90264f33305004495a9","hash":"073719e4e1a89d17b53c4c6936640b6ab23003bd"}
,"C:\\Users\\bella\\Desktop\\匠人\\React-PizzaCreator\\src\\components\\Topping\\Topping.jsx": {"path":"C:\\Users\\bella\\Desktop\\匠人\\React-PizzaCreator\\src\\components\\Topping\\Topping.jsx","statementMap":{"0":{"start":{"line":6,"column":8},"end":{"line":6,"column":21}},"1":{"start":{"line":10,"column":36},"end":{"line":10,"column":46}},"2":{"start":{"line":11,"column":32},"end":{"line":11,"column":119}},"3":{"start":{"line":11,"column":90},"end":{"line":11,"column":118}},"4":{"start":{"line":12,"column":8},"end":{"line":12,"column":31}},"5":{"start":{"line":17,"column":32},"end":{"line":17,"column":61}},"6":{"start":{"line":18,"column":8},"end":{"line":18,"column":60}},"7":{"start":{"line":22,"column":24},"end":{"line":22,"column":33}},"8":{"start":{"line":23,"column":22},"end":{"line":23,"column":42}},"9":{"start":{"line":24,"column":23},"end":{"line":24,"column":33}},"10":{"start":{"line":26,"column":8},"end":{"line":28,"column":9}},"11":{"start":{"line":27,"column":12},"end":{"line":27,"column":29}},"12":{"start":{"line":29,"column":8},"end":{"line":29,"column":46}},"13":{"start":{"line":35,"column":68},"end":{"line":35,"column":78}},"14":{"start":{"line":36,"column":8},"end":{"line":61,"column":16}},"15":{"start":{"line":52,"column":35},"end":{"line":52,"column":61}},"16":{"start":{"line":58,"column":35},"end":{"line":58,"column":59}}},"fnMap":{"0":{"name":"(anonymous_0)","decl":{"start":{"line":5,"column":4},"end":{"line":5,"column":5}},"loc":{"start":{"line":5,"column":23},"end":{"line":7,"column":5}},"line":5},"1":{"name":"(anonymous_1)","decl":{"start":{"line":9,"column":4},"end":{"line":9,"column":5}},"loc":{"start":{"line":9,"column":28},"end":{"line":13,"column":5}},"line":9},"2":{"name":"(anonymous_2)","decl":{"start":{"line":11,"column":54},"end":{"line":11,"column":55}},"loc":{"start":{"line":11,"column":90},"end":{"line":11,"column":118}},"line":11},"3":{"name":"(anonymous_3)","decl":{"start":{"line":16,"column":4},"end":{"line":16,"column":5}},"loc":{"start":{"line":16,"column":19},"end":{"line":19,"column":5}},"line":16},"4":{"name":"(anonymous_4)","decl":{"start":{"line":21,"column":4},"end":{"line":21,"column":5}},"loc":{"start":{"line":21,"column":29},"end":{"line":30,"column":5}},"line":21},"5":{"name":"(anonymous_5)","decl":{"start":{"line":34,"column":4},"end":{"line":34,"column":5}},"loc":{"start":{"line":34,"column":12},"end":{"line":62,"column":5}},"line":34},"6":{"name":"(anonymous_6)","decl":{"start":{"line":52,"column":29},"end":{"line":52,"column":30}},"loc":{"start":{"line":52,"column":35},"end":{"line":52,"column":61}},"line":52},"7":{"name":"(anonymous_7)","decl":{"start":{"line":58,"column":29},"end":{"line":58,"column":30}},"loc":{"start":{"line":58,"column":35},"end":{"line":58,"column":59}},"line":58}},"branchMap":{"0":{"loc":{"start":{"line":18,"column":15},"end":{"line":18,"column":59}},"type":"cond-expr","locations":[{"start":{"line":18,"column":33},"end":{"line":18,"column":55}},{"start":{"line":18,"column":58},"end":{"line":18,"column":59}}],"line":18},"1":{"loc":{"start":{"line":26,"column":8},"end":{"line":28,"column":9}},"type":"if","locations":[{"start":{"line":26,"column":8},"end":{"line":28,"column":9}},{"start":{"line":26,"column":8},"end":{"line":28,"column":9}}],"line":26}},"s":{"0":16,"1":32,"2":32,"3":4,"4":32,"5":32,"6":32,"7":16,"8":16,"9":16,"10":16,"11":14,"12":2,"13":16,"14":16,"15":1,"16":1},"f":{"0":16,"1":32,"2":4,"3":32,"4":16,"5":16,"6":1,"7":1},"b":{"0":[4,28],"1":[14,2]},"_coverageSchema":"1a1c01bbd47fc00a2c39e90264f33305004495a9","hash":"8fbbb781761d0734183b31ffd0b4069d15c0c444"}
,"C:\\Users\\bella\\Desktop\\匠人\\React-PizzaCreator\\src\\components\\Topping\\index.js": {"path":"C:\\Users\\bella\\Desktop\\匠人\\React-PizzaCreator\\src\\components\\Topping\\index.js","statementMap":{},"fnMap":{},"branchMap":{},"s":{},"f":{},"b":{},"_coverageSchema":"1a1c01bbd47fc00a2c39e90264f33305004495a9","hash":"1562cebcd313c133bcc7a01763b5440ee8cdebe6"}
,"C:\\Users\\bella\\Desktop\\匠人\\React-PizzaCreator\\src\\components\\Toppings\\Toppings.jsx": {"path":"C:\\Users\\bella\\Desktop\\匠人\\React-PizzaCreator\\src\\components\\Toppings\\Toppings.jsx","statementMap":{"0":{"start":{"line":8,"column":8},"end":{"line":8,"column":21}},"1":{"start":{"line":9,"column":8},"end":{"line":68,"column":11}},"2":{"start":{"line":72,"column":65},"end":{"line":72,"column":75}},"3":{"start":{"line":73,"column":8},"end":{"line":92,"column":10}},"4":{"start":{"line":78,"column":20},"end":{"line":86,"column":31}}},"fnMap":{"0":{"name":"(anonymous_0)","decl":{"start":{"line":7,"column":4},"end":{"line":7,"column":5}},"loc":{"start":{"line":7,"column":22},"end":{"line":69,"column":5}},"line":7},"1":{"name":"(anonymous_1)","decl":{"start":{"line":71,"column":4},"end":{"line":71,"column":5}},"loc":{"start":{"line":71,"column":12},"end":{"line":93,"column":5}},"line":71},"2":{"name":"(anonymous_2)","decl":{"start":{"line":77,"column":35},"end":{"line":77,"column":36}},"loc":{"start":{"line":78,"column":20},"end":{"line":86,"column":31}},"line":78}},"branchMap":{},"s":{"0":1,"1":1,"2":1,"3":1,"4":12},"f":{"0":1,"1":1,"2":12},"b":{},"_coverageSchema":"1a1c01bbd47fc00a2c39e90264f33305004495a9","hash":"25b60f84923cfdccfff815e0f9bf518db068d436"}
}
