TN:
SF:src\components\Title\Title.jsx
FN:4,(anonymous_0)
FNF:1
FNH:1
FNDA:1,(anonymous_0)
DA:4,1
DA:5,1
LF:2
LH:2
BRF:0
BRH:0
end_of_record
TN:
SF:src\components\Title\index.js
FNF:0
FNH:0
LF:0
LH:0
BRF:0
BRH:0
end_of_record
TN:
SF:src\components\Topping\Topping.jsx
FN:5,(anonymous_0)
FN:9,(anonymous_1)
FN:11,(anonymous_2)
FN:16,(anonymous_3)
FN:21,(anonymous_4)
FN:34,(anonymous_5)
FN:52,(anonymous_6)
FN:58,(anonymous_7)
FNF:8
FNH:8
FNDA:16,(anonymous_0)
FNDA:32,(anonymous_1)
FNDA:4,(anonymous_2)
FNDA:32,(anonymous_3)
FNDA:16,(anonymous_4)
FNDA:16,(anonymous_5)
FNDA:1,(anonymous_6)
FNDA:1,(anonymous_7)
DA:6,16
DA:10,32
DA:11,32
DA:12,32
DA:17,32
DA:18,32
DA:22,16
DA:23,16
DA:24,16
DA:26,16
DA:27,14
DA:29,2
DA:35,16
DA:36,16
DA:52,1
DA:58,1
LF:16
LH:16
BRDA:18,0,0,4
BRDA:18,0,1,28
BRDA:26,1,0,14
BRDA:26,1,1,2
BRF:4
BRH:4
end_of_record
TN:
SF:src\components\Topping\index.js
FNF:0
FNH:0
LF:0
LH:0
BRF:0
BRH:0
end_of_record
TN:
SF:src\components\Toppings\Toppings.jsx
FN:7,(anonymous_0)
FN:71,(anonymous_1)
FN:77,(anonymous_2)
FNF:3
FNH:3
FNDA:1,(anonymous_0)
FNDA:1,(anonymous_1)
FNDA:12,(anonymous_2)
DA:8,1
DA:9,1
DA:72,1
DA:73,1
DA:78,12
LF:5
LH:5
BRF:0
BRH:0
end_of_record
